INDEX 0
START_DAY 1/5
START_TURN 1
END_TURN 1 S,S,S,S,S S,S,S,S,S S,S,S,S,S S,S,S,S,S
START_TURN 2
END_TURN 2 S,S,S,S,S S,S,S,S,S S,S,S,S,S S,S,S,S,S
START_TURN 3
END_TURN 3 S,S,S,S,S S,S,S,S,S S,S,S,S,S S,S,S,S,S
START_TURN 4
END_TURN 4 S,S,S,S,S S,S,S,S,S S,S,S,S,S S,S,S,S,S
START_TURN 5
END_TURN 5 S,S,S,S,S S,S,S,S,S S,S,S,S,S S,S,S,S,S
START_TURN 6
END_TURN 6 S,S,S,S,S S,S,S,S,S S,S,S,S,S S,S,S,S,S
START_TURN 7
END_TURN 7 S,S,S,S,S S,S,S,S,S R,S,S,S,S S,S,S,S,S
START_TURN 8
END_TURN 8 S,S,S,S,S S,S,S,S,S N,S,S,S,S S,S,S,S,S
START_TURN 9
END_TURN 9 S,S,S,S,S S,S,S,S,S N,S,S,R,S S,S,S,S,S
START_TURN 10
END_TURN 10 S,S,S,S,S S,S,S,S,S N,S,S,N,S S,S,S,S,S
START_TURN 11
END_TURN 11 S,S,S,S,S S,S,S,S,S N,S,S,N,R S,S,S,S,S
START_TURN 12
END_TURN 12 S,S,S,S,S S,S,S,S,S N,S,S,N,N S,S,S,S,S
START_TURN 13
END_TURN 13 S,S,S,S,S S,S,S,S,S N,S,S,N,N S,S,S,S,S
START_TURN 14
END_TURN 14 S,S,S,S,S S,S,S,S,S N,S,S,N,N S,S,S,S,S
START_TURN 15
END_TURN 15 S,S,S,S,S R,R,R,R,R N,S,S,N,N S,S,S,S,S
START_TURN 16
END_TURN 16 S,S,S,S,S N,N,N,N,N N,S,S,N,N R,R,R,R,R
START_TURN 17
END_TURN 17 S,S,S,S,S N,N,N,N,N N,R,S,N,N N,N,N,N,N
START_TURN 18
END_TURN 18 S,S,S,S,S N,N,N,N,N N,N,R,N,N N,N,N,N,N
END_DAY 1 D,D,D,D,D A,A,A,A,A A,A,A,A,A A,A,A,A,A
START_DAY 2/3
START_TURN 1
END_TURN 1 D,D,D,D,D S,S,S,S,S S,S,S,S,S S,S,S,S,S
START_TURN 2
END_TURN 2 D,D,D,D,D S,S,S,S,S S,S,S,S,S S,S,S,S,S
START_TURN 3
END_TURN 3 D,D,D,D,D S,S,S,S,S S,S,S,S,S S,S,S,S,S
START_TURN 4
END_TURN 4 D,D,D,D,D S,S,S,S,S S,S,S,S,S S,S,S,S,S
START_TURN 5
END_TURN 5 D,D,D,D,D S,S,S,S,S S,R,S,S,S S,S,S,S,S
START_TURN 6
END_TURN 6 D,D,D,D,D S,S,S,S,S S,N,S,S,S S,S,S,S,S
START_TURN 7
END_TURN 7 D,D,D,D,D S,S,S,S,S S,N,S,R,S S,S,S,S,S
START_TURN 8
END_TURN 8 D,D,D,D,D S,S,S,S,S S,N,S,N,S S,S,S,S,S
START_TURN 9
END_TURN 9 D,D,D,D,D S,S,S,S,S S,N,S,N,S S,S,S,S,S
START_TURN 10
END_TURN 10 D,D,D,D,D S,S,S,S,S S,N,S,N,S S,S,S,S,S
START_TURN 11
END_TURN 11 D,D,D,D,D S,S,S,S,S S,N,S,N,S S,S,S,S,S
START_TURN 12
END_TURN 12 D,D,D,D,D S,S,S,S,S S,N,S,N,S S,S,S,S,S
START_TURN 13
END_TURN 13 D,D,D,D,D S,S,S,S,S S,N,S,N,S S,S,S,S,S
START_TURN 14
END_TURN 14 D,D,D,D,D S,S,S,S,S S,N,S,N,S S,S,S,S,S
START_TURN 15
END_TURN 15 D,D,D,D,D R,R,R,R,r R,N,S,N,S R,R,R,R,R
END_DAY 2 D,D,D,D,D A,A,A,A,D A,A,D,A,D A,A,A,A,A
START_DAY 3/3
START_TURN 1
END_TURN 1 D,D,D,D,D S,S,S,S,D S,S,D,S,D S,S,S,S,S
START_TURN 2
END_TURN 2 D,D,D,D,D S,S,S,S,D S,S,D,S,D S,S,S,S,S
START_TURN 3
END_TURN 3 D,D,D,D,D S,S,S,S,D S,S,D,S,D S,S,S,S,S
START_TURN 4
END_TURN 4 D,D,D,D,D S,S,S,S,D S,S,D,S,D S,S,S,S,S
START_TURN 5
END_TURN 5 D,D,D,D,D S,S,S,S,D S,S,D,S,D S,S,S,S,S
START_TURN 6
END_TURN 6 D,D,D,D,D S,S,S,S,D R,S,D,S,D S,S,S,S,S
START_TURN 7
END_TURN 7 D,D,D,D,D S,S,S,S,D N,S,D,S,D S,S,S,S,S
START_TURN 8
END_TURN 8 D,D,D,D,D S,S,S,S,D N,S,D,S,D S,S,S,S,S
START_TURN 9
END_TURN 9 D,D,D,D,D S,S,S,S,D N,S,D,S,D S,S,S,S,S
START_TURN 10
END_TURN 10 D,D,D,D,D S,S,S,S,D N,S,D,S,D S,S,S,S,S
START_TURN 11
END_TURN 11 D,D,D,D,D S,S,S,S,D N,S,D,S,D S,S,S,S,S
START_TURN 12
END_TURN 12 D,D,D,D,D S,S,S,S,D N,S,D,S,D S,S,S,S,S
START_TURN 13
END_TURN 13 D,D,D,D,D S,S,S,S,D N,S,D,S,D S,S,S,S,S
START_TURN 14
END_TURN 14 D,D,D,D,D S,S,S,S,D N,S,D,R,D S,S,S,S,S
START_TURN 15
END_TURN 15 D,D,D,D,D R,R,R,R,D N,S,D,N,D R,R,r,R,R
END_DAY 3 D,D,D,D,D A,A,A,A,D A,D,D,A,D A,A,D,A,A
START_DAY 4/3
START_TURN 1
END_TURN 1 D,D,D,D,D S,S,S,S,D S,D,D,S,D S,S,D,S,S
START_TURN 2
END_TURN 2 D,D,D,D,D S,S,S,S,D S,D,D,S,D S,S,D,S,S
START_TURN 3
END_TURN 3 D,D,D,D,D S,S,S,S,D S,D,D,S,D S,S,D,S,S
START_TURN 4
END_TURN 4 D,D,D,D,D S,S,S,S,D S,D,D,S,D S,S,D,S,S
START_TURN 5
END_TURN 5 D,D,D,D,D S,S,S,S,D S,D,D,S,D S,S,D,S,S
START_TURN 6
END_TURN 6 D,D,D,D,D S,S,S,S,D R,D,D,S,D S,S,D,S,S
START_TURN 7
END_TURN 7 D,D,D,D,D S,S,S,S,D N,D,D,S,D S,S,D,S,S
START_TURN 8
END_TURN 8 D,D,D,D,D S,S,S,S,D N,D,D,S,D S,S,D,S,S
START_TURN 9
END_TURN 9 D,D,D,D,D S,S,S,S,D N,D,D,S,D S,S,D,S,S
START_TURN 10
END_TURN 10 D,D,D,D,D S,S,S,S,D N,D,D,S,D S,S,D,S,S
START_TURN 11
END_TURN 11 D,D,D,D,D S,S,S,S,D N,D,D,S,D S,S,D,S,S
START_TURN 12
END_TURN 12 D,D,D,D,D S,S,S,S,D N,D,D,S,D S,S,D,S,S
START_TURN 13
END_TURN 13 D,D,D,D,D S,S,S,S,D N,D,D,S,D S,S,D,S,S
START_TURN 14
END_TURN 14 D,D,D,D,D S,S,S,S,D N,D,D,S,D S,S,D,S,S
START_TURN 15
END_TURN 15 D,D,D,D,D R,R,R,R,D N,D,D,S,D R,R,D,R,r
END_DAY 4 D,D,D,D,D A,A,A,A,D A,D,D,D,D A,A,D,A,D
START_DAY 5/3
START_TURN 1
END_TURN 1 D,D,D,D,D S,S,S,S,D S,D,D,D,D S,S,D,S,D
START_TURN 2
END_TURN 2 D,D,D,D,D S,S,S,S,D S,D,D,D,D S,S,D,S,D
START_TURN 3
END_TURN 3 D,D,D,D,D S,S,S,S,D S,D,D,D,D S,S,D,S,D
START_TURN 4
END_TURN 4 D,D,D,D,D S,S,S,S,D S,D,D,D,D S,S,D,S,D
START_TURN 5
END_TURN 5 D,D,D,D,D S,S,S,S,D S,D,D,D,D S,S,D,S,D
START_TURN 6
END_TURN 6 D,D,D,D,D S,S,S,S,D S,D,D,D,D S,S,D,S,D
START_TURN 7
END_TURN 7 D,D,D,D,D S,S,S,S,D S,D,D,D,D S,S,D,S,D
START_TURN 8
END_TURN 8 D,D,D,D,D S,S,S,S,D S,D,D,D,D S,S,D,S,D
START_TURN 9
END_TURN 9 D,D,D,D,D S,S,S,S,D S,D,D,D,D S,S,D,S,D
START_TURN 10
END_TURN 10 D,D,D,D,D S,S,S,S,D S,D,D,D,D S,S,D,S,D
START_TURN 11
END_TURN 11 D,D,D,D,D S,S,S,S,D S,D,D,D,D S,S,D,S,D
START_TURN 12
END_TURN 12 D,D,D,D,D S,S,S,S,D S,D,D,D,D S,S,D,S,D
START_TURN 13
END_TURN 13 D,D,D,D,D S,S,S,S,D R,D,D,D,D S,S,D,S,D
START_TURN 14
END_TURN 14 D,D,D,D,D S,S,S,S,D N,D,D,D,D S,S,D,S,D
START_TURN 15
END_TURN 15 D,D,D,D,D R,R,r,r,D N,D,D,D,D R,r,D,R,D
END_DAY 5 D,D,D,D,D A,A,D,D,D A,D,D,D,D A,D,D,A,D
EXIT
