INDEX 0
START_DAY 1/11
START_TURN 1
END_TURN 1 S,S,S,S,S S,S,S,S,S S,S,S,S,S S,S,S,S,S S,S,S,S,S S,S,S,S,S S,S,S,S,S S,S,S,S,S S,S,S,S,S
START_TURN 2
END_TURN 2 S,S,S,S,S S,S,S,S,S S,S,S,S,S S,S,S,S,S S,S,S,S,S R,R,R,R,R S,S,S,S,S S,S,S,S,S S,S,S,S,S
START_TURN 3
END_TURN 3 S,S,S,S,S S,S,S,S,S S,S,S,S,S S,S,S,S,S S,S,S,S,S N,N,N,N,N S,S,S,S,S S,S,S,S,S S,S,S,S,S
START_TURN 4
END_TURN 4 S,S,S,S,S S,S,S,S,S S,S,S,S,S S,S,S,S,S S,S,S,S,S N,N,N,N,N S,S,S,S,S S,S,S,S,S S,S,S,S,S
START_TURN 5
END_TURN 5 S,S,S,S,S S,S,S,S,S S,S,S,S,S S,S,S,S,S R,S,S,S,S N,N,N,N,N S,S,S,S,S S,S,S,S,S S,S,S,S,S
START_TURN 6
END_TURN 6 S,S,S,S,S S,S,S,S,S S,S,S,S,S S,S,S,S,S N,S,S,S,S N,N,N,N,N S,S,S,S,S S,S,S,S,S S,S,S,S,S
START_TURN 7
END_TURN 7 S,S,S,S,S S,S,S,S,S S,S,S,S,S S,S,S,S,S N,S,S,S,S N,N,N,N,N S,S,S,S,S S,S,S,S,S S,S,S,S,S
START_TURN 8
END_TURN 8 S,S,S,S,S S,S,S,S,S S,R,S,S,S S,S,S,S,S N,S,S,S,S N,N,N,N,N S,S,S,S,S S,S,S,S,S S,S,S,S,S
START_TURN 9
END_TURN 9 S,S,S,S,S S,S,S,S,S S,N,S,S,S S,S,S,S,S N,S,S,S,S N,N,N,N,N S,S,S,S,S S,S,S,S,S S,S,S,S,S
START_TURN 10
END_TURN 10 S,S,S,S,S S,S,S,S,S S,N,S,S,S S,S,S,S,S N,R,S,S,S N,N,N,N,N S,S,S,S,S S,S,S,S,S S,S,S,S,S
START_TURN 11
END_TURN 11 S,S,S,S,S S,S,S,S,S S,N,S,S,S S,S,S,S,S N,N,S,S,S N,N,N,N,N S,S,S,S,S S,S,S,S,S S,S,S,S,S
START_TURN 12
END_TURN 12 S,S,S,S,S S,S,S,S,S S,N,S,S,S S,S,S,S,S N,N,S,S,S N,N,N,N,N S,S,S,S,S S,S,S,S,S S,S,S,S,S
START_TURN 13
END_TURN 13 S,S,S,S,S S,S,S,S,S S,N,S,S,S S,S,S,S,S N,N,S,S,S N,N,N,N,N S,S,S,S,S S,S,S,S,S S,S,S,S,S
START_TURN 14
END_TURN 14 S,S,S,S,S S,S,S,S,S S,N,S,S,S S,S,S,S,S N,N,S,S,S N,N,N,N,N R,R,R,R,R S,S,S,S,S S,S,S,S,S
START_TURN 15
END_TURN 15 S,S,S,S,S R,R,R,R,R S,N,S,S,S S,S,S,S,S N,N,R,S,S N,N,N,N,N N,N,N,N,N S,S,S,S,S S,S,S,S,S
START_TURN 16
END_TURN 16 S,S,S,S,S N,N,N,N,N S,N,S,S,S R,R,R,R,R N,N,N,S,S N,N,N,N,N N,N,N,N,N S,S,S,S,S S,S,S,S,S
START_TURN 17
END_TURN 17 S,S,S,S,S N,N,N,N,N S,N,S,S,S N,N,N,N,N N,N,N,S,S N,N,N,N,N N,N,N,N,N S,S,S,S,S S,S,S,S,S
START_TURN 18
END_TURN 18 S,S,S,S,S N,N,N,N,N R,N,S,S,S N,N,N,N,N N,N,N,S,S N,N,N,N,N N,N,N,N,N S,S,S,S,S S,S,S,S,S
START_TURN 19
END_TURN 19 S,S,S,S,S N,N,N,N,N N,N,S,S,S N,N,N,N,N N,N,N,S,S N,N,N,N,N N,N,N,N,N S,S,S,S,S S,S,S,S,S
START_TURN 20
END_TURN 20 S,S,S,S,S N,N,N,N,N N,N,S,S,R N,N,N,N,N N,N,N,R,S N,N,N,N,N N,N,N,N,N S,S,S,S,S S,S,S,S,S
START_TURN 21
END_TURN 21 S,S,S,S,S N,N,N,N,N N,N,S,S,N N,N,N,N,N N,N,N,N,S N,N,N,N,N N,N,N,N,N R,R,R,R,R S,S,S,S,S
START_TURN 22
END_TURN 22 S,S,S,S,S N,N,N,N,N N,N,S,S,N N,N,N,N,N N,N,N,N,S N,N,N,N,N N,N,N,N,N N,N,N,N,N S,S,S,S,S
START_TURN 23
END_TURN 23 S,S,S,S,S N,N,N,N,N N,N,S,R,N N,N,N,N,N N,N,N,N,S N,N,N,N,N N,N,N,N,N N,N,N,N,N S,S,S,S,S
START_TURN 24
END_TURN 24 S,S,S,S,S N,N,N,N,N N,N,R,N,N N,N,N,N,N N,N,N,N,S N,N,N,N,N N,N,N,N,N N,N,N,N,N S,S,S,S,S
START_TURN 25
END_TURN 25 S,S,S,S,S N,N,N,N,N N,N,N,N,N N,N,N,N,N N,N,N,N,R N,N,N,N,N N,N,N,N,N N,N,N,N,N S,S,S,S,S
END_DAY 1 D,D,D,D,D A,A,A,A,A A,A,A,A,A A,A,A,A,A A,A,A,A,A A,A,A,A,A A,A,A,A,A A,A,A,A,A D,D,D,D,D
START_DAY 2/8
START_TURN 1
END_TURN 1 D,D,D,D,D S,S,S,S,S S,S,S,S,S S,S,S,S,S S,S,S,S,S S,S,S,S,S S,S,S,S,S S,S,S,S,S D,D,D,D,D
START_TURN 2
END_TURN 2 D,D,D,D,D S,S,S,S,S S,S,S,S,S S,S,S,S,S S,S,S,S,S S,S,S,S,S S,S,S,S,S S,S,S,S,S D,D,D,D,D
START_TURN 3
END_TURN 3 D,D,D,D,D S,S,S,S,S S,S,S,S,S S,S,S,S,S S,S,S,S,S S,S,S,S,S S,S,S,S,S S,S,S,S,S D,D,D,D,D
START_TURN 4
END_TURN 4 D,D,D,D,D S,S,S,S,S S,S,S,S,S S,S,S,S,S S,S,S,S,S S,S,S,S,S S,S,S,S,S S,S,S,S,S D,D,D,D,D
START_TURN 5
END_TURN 5 D,D,D,D,D S,S,S,S,S S,S,S,S,S S,S,S,S,S R,S,S,S,S S,S,S,S,S S,S,S,S,S S,S,S,S,S D,D,D,D,D
START_TURN 6
END_TURN 6 D,D,D,D,D S,S,S,S,S S,S,S,S,S S,S,S,S,S N,S,S,S,S S,S,S,S,S S,S,S,S,S S,S,S,S,S D,D,D,D,D
START_TURN 7
END_TURN 7 D,D,D,D,D S,S,S,S,S S,S,S,S,S S,S,S,S,S N,S,S,S,S S,S,S,S,S S,S,S,S,S S,S,S,S,S D,D,D,D,D
START_TURN 8
END_TURN 8 D,D,D,D,D S,S,S,S,S R,S,S,S,S S,S,S,S,S N,S,S,S,S R,R,R,R,R S,S,S,S,S S,S,S,S,S D,D,D,D,D
START_TURN 9
END_TURN 9 D,D,D,D,D S,S,S,S,S N,S,S,S,S S,S,S,S,S N,S,S,S,S N,N,N,N,N S,S,S,S,S S,S,S,S,S D,D,D,D,D
START_TURN 10
END_TURN 10 D,D,D,D,D S,S,S,S,S N,S,S,S,S S,S,S,S,S N,R,S,S,S N,N,N,N,N S,S,S,S,S S,S,S,S,S D,D,D,D,D
START_TURN 11
END_TURN 11 D,D,D,D,D S,S,S,S,S N,S,S,S,S S,S,S,S,S N,N,S,S,S N,N,N,N,N S,S,S,S,S S,S,S,S,S D,D,D,D,D
START_TURN 12
END_TURN 12 D,D,D,D,D S,S,S,S,S N,S,S,S,S S,S,S,S,S N,N,S,S,S N,N,N,N,N S,S,S,S,S S,S,S,S,S D,D,D,D,D
START_TURN 13
END_TURN 13 D,D,D,D,D S,S,S,S,S N,S,S,S,S S,S,S,S,S N,N,S,S,S N,N,N,N,N S,S,S,S,S S,S,S,S,S D,D,D,D,D
START_TURN 14
END_TURN 14 D,D,D,D,D S,S,S,S,S N,S,S,S,S S,S,S,S,S N,N,S,S,S N,N,N,N,N S,S,S,S,S S,S,S,S,S D,D,D,D,D
START_TURN 15
END_TURN 15 D,D,D,D,D R,R,R,R,R N,S,S,S,S S,S,S,S,S N,N,R,S,S N,N,N,N,N S,S,S,S,S S,S,S,S,S D,D,D,D,D
START_TURN 16
END_TURN 16 D,D,D,D,D N,N,N,N,N N,S,S,S,S S,S,S,S,S N,N,N,S,S N,N,N,N,N S,S,S,S,S S,S,S,S,S D,D,D,D,D
START_TURN 17
END_TURN 17 D,D,D,D,D N,N,N,N,N N,S,S,S,S S,S,S,S,S N,N,N,S,S N,N,N,N,N S,S,S,S,S S,S,S,S,S D,D,D,D,D
START_TURN 18
END_TURN 18 D,D,D,D,D N,N,N,N,N N,S,S,S,S S,S,S,S,S N,N,N,S,S N,N,N,N,N S,S,S,S,S S,S,S,S,S D,D,D,D,D
START_TURN 19
END_TURN 19 D,D,D,D,D N,N,N,N,N N,S,S,R,S S,S,S,S,S N,N,N,S,S N,N,N,N,N R,R,R,R,R S,S,S,S,S D,D,D,D,D
START_TURN 20
END_TURN 20 D,D,D,D,D N,N,N,N,N N,S,S,N,S R,R,R,R,R N,N,N,R,S N,N,N,N,N N,N,N,N,N R,R,R,R,R D,D,D,D,D
START_TURN 21
END_TURN 21 D,D,D,D,D N,N,N,N,N N,S,S,N,S N,N,N,N,N N,N,N,N,S N,N,N,N,N N,N,N,N,N N,N,N,N,N D,D,D,D,D
START_TURN 22
END_TURN 22 D,D,D,D,D N,N,N,N,N N,S,S,N,S N,N,N,N,N N,N,N,N,S N,N,N,N,N N,N,N,N,N N,N,N,N,N D,D,D,D,D
START_TURN 23
END_TURN 23 D,D,D,D,D N,N,N,N,N N,S,S,N,R N,N,N,N,N N,N,N,N,S N,N,N,N,N N,N,N,N,N N,N,N,N,N D,D,D,D,D
START_TURN 24
END_TURN 24 D,D,D,D,D N,N,N,N,N N,S,R,N,N N,N,N,N,N N,N,N,N,S N,N,N,N,N N,N,N,N,N N,N,N,N,N D,D,D,D,D
END_DAY 2 D,D,D,D,D A,A,A,A,A A,D,A,A,A A,A,A,A,A A,A,A,A,D A,A,A,A,A A,A,A,A,A A,A,A,A,A D,D,D,D,D
START_DAY 3/8
START_TURN 1
END_TURN 1 D,D,D,D,D S,S,S,S,S S,D,S,S,S S,S,S,S,S S,S,S,S,D S,S,S,S,S S,S,S,S,S S,S,S,S,S D,D,D,D,D
START_TURN 2
END_TURN 2 D,D,D,D,D S,S,S,S,S S,D,S,S,S S,S,S,S,S S,S,S,S,D S,S,S,S,S S,S,S,S,S S,S,S,S,S D,D,D,D,D
START_TURN 3
END_TURN 3 D,D,D,D,D S,S,S,S,S S,D,S,S,S S,S,S,S,S S,S,S,S,D S,S,S,S,S S,S,S,S,S S,S,S,S,S D,D,D,D,D
START_TURN 4
END_TURN 4 D,D,D,D,D S,S,S,S,S S,D,S,S,S S,S,S,S,S S,S,S,S,D S,S,S,S,S S,S,S,S,S S,S,S,S,S D,D,D,D,D
START_TURN 5
END_TURN 5 D,D,D,D,D S,S,S,S,S S,D,S,S,S S,S,S,S,S R,S,S,S,D S,S,S,S,S S,S,S,S,S S,S,S,S,S D,D,D,D,D
START_TURN 6
END_TURN 6 D,D,D,D,D S,S,S,S,S S,D,S,R,S S,S,S,S,S N,S,S,S,D S,S,S,S,S S,S,S,S,S S,S,S,S,S D,D,D,D,D
START_TURN 7
END_TURN 7 D,D,D,D,D S,S,S,S,S S,D,S,N,S S,S,S,S,S N,S,S,S,D R,R,R,R,R S,S,S,S,S S,S,S,S,S D,D,D,D,D
START_TURN 8
END_TURN 8 D,D,D,D,D S,S,S,S,S S,D,S,N,S S,S,S,S,S N,S,S,S,D N,N,N,N,N S,S,S,S,S S,S,S,S,S D,D,D,D,D
START_TURN 9
END_TURN 9 D,D,D,D,D S,S,S,S,S S,D,S,N,S S,S,S,S,S N,S,S,S,D N,N,N,N,N S,S,S,S,S S,S,S,S,S D,D,D,D,D
START_TURN 10
END_TURN 10 D,D,D,D,D S,S,S,S,S S,D,S,N,S S,S,S,S,S N,R,S,S,D N,N,N,N,N S,S,S,S,S S,S,S,S,S D,D,D,D,D
START_TURN 11
END_TURN 11 D,D,D,D,D S,S,S,S,S S,D,S,N,S S,S,S,S,S N,N,S,S,D N,N,N,N,N S,S,S,S,S S,S,S,S,S D,D,D,D,D
START_TURN 12
END_TURN 12 D,D,D,D,D S,S,S,S,S S,D,S,N,S S,S,S,S,S N,N,S,S,D N,N,N,N,N S,S,S,S,S S,S,S,S,S D,D,D,D,D
START_TURN 13
END_TURN 13 D,D,D,D,D S,S,S,S,S S,D,S,N,S S,S,S,S,S N,N,S,S,D N,N,N,N,N S,S,S,S,S S,S,S,S,S D,D,D,D,D
START_TURN 14
END_TURN 14 D,D,D,D,D S,S,S,S,S S,D,S,N,S S,S,S,S,S N,N,S,S,D N,N,N,N,N S,S,S,S,S S,S,S,S,S D,D,D,D,D
START_TURN 15
END_TURN 15 D,D,D,D,D R,R,R,R,R S,D,S,N,S S,S,S,S,S N,N,R,S,D N,N,N,N,N S,S,S,S,S S,S,S,S,S D,D,D,D,D
START_TURN 16
END_TURN 16 D,D,D,D,D N,N,N,N,N S,D,S,N,R S,S,S,S,S N,N,N,S,D N,N,N,N,N S,S,S,S,S S,S,S,S,S D,D,D,D,D
START_TURN 17
END_TURN 17 D,D,D,D,D N,N,N,N,N S,D,S,N,N S,S,S,S,S N,N,N,S,D N,N,N,N,N S,S,S,S,S S,S,S,S,S D,D,D,D,D
START_TURN 18
END_TURN 18 D,D,D,D,D N,N,N,N,N R,D,R,N,N S,S,S,S,S N,N,N,S,D N,N,N,N,N S,S,S,S,S S,S,S,S,S D,D,D,D,D
START_TURN 19
END_TURN 19 D,D,D,D,D N,N,N,N,N N,D,N,N,N R,R,R,R,R N,N,N,S,D N,N,N,N,N R,R,R,R,R S,S,S,S,S D,D,D,D,D
START_TURN 20
END_TURN 20 D,D,D,D,D N,N,N,N,N N,D,N,N,N N,N,N,N,N N,N,N,r,D N,N,N,N,N N,N,N,N,N r,r,R,R,r D,D,D,D,D
END_DAY 3 D,D,D,D,D A,A,A,A,A A,D,A,A,A A,A,A,A,A A,A,A,D,D A,A,A,A,A A,A,A,A,A D,D,A,A,D D,D,D,D,D
START_DAY 4/7
START_TURN 1
END_TURN 1 D,D,D,D,D S,S,S,S,S S,D,S,S,S S,S,S,S,S S,S,S,D,D S,S,S,S,S S,S,S,S,S D,D,S,S,D D,D,D,D,D
START_TURN 2
END_TURN 2 D,D,D,D,D S,S,S,S,S S,D,S,S,S S,S,S,S,S S,S,S,D,D S,S,S,S,S S,S,S,S,S D,D,S,S,D D,D,D,D,D
START_TURN 3
END_TURN 3 D,D,D,D,D S,S,S,S,S S,D,S,S,S S,S,S,S,S S,S,S,D,D S,S,S,S,S S,S,S,S,S D,D,S,S,D D,D,D,D,D
START_TURN 4
END_TURN 4 D,D,D,D,D S,S,S,S,S S,D,S,S,S S,S,S,S,S S,S,S,D,D S,S,S,S,S S,S,S,S,S D,D,S,S,D D,D,D,D,D
START_TURN 5
END_TURN 5 D,D,D,D,D S,S,S,S,S S,D,S,S,S S,S,S,S,S R,S,S,D,D S,S,S,S,S S,S,S,S,S D,D,S,S,D D,D,D,D,D
START_TURN 6
END_TURN 6 D,D,D,D,D S,S,S,S,S S,D,S,S,S S,S,S,S,S N,S,S,D,D S,S,S,S,S S,S,S,S,S D,D,S,S,D D,D,D,D,D
START_TURN 7
END_TURN 7 D,D,D,D,D S,S,S,S,S S,D,S,S,S S,S,S,S,S N,S,S,D,D S,S,S,S,S S,S,S,S,S D,D,S,S,D D,D,D,D,D
START_TURN 8
END_TURN 8 D,D,D,D,D S,S,S,S,S S,D,S,S,S S,S,S,S,S N,S,S,D,D S,S,S,S,S S,S,S,S,S D,D,S,S,D D,D,D,D,D
START_TURN 9
END_TURN 9 D,D,D,D,D S,S,S,S,S R,D,S,S,S S,S,S,S,S N,S,S,D,D R,R,R,R,R S,S,S,S,S D,D,S,S,D D,D,D,D,D
START_TURN 10
END_TURN 10 D,D,D,D,D S,S,S,S,S N,D,S,S,S S,S,S,S,S N,R,S,D,D N,N,N,N,N S,S,S,S,S D,D,S,S,D D,D,D,D,D
START_TURN 11
END_TURN 11 D,D,D,D,D S,S,S,S,S N,D,S,R,S S,S,S,S,S N,N,S,D,D N,N,N,N,N S,S,S,S,S D,D,S,S,D D,D,D,D,D
START_TURN 12
END_TURN 12 D,D,D,D,D S,S,S,S,S N,D,S,N,S S,S,S,S,S N,N,S,D,D N,N,N,N,N S,S,S,S,S D,D,S,S,D D,D,D,D,D
START_TURN 13
END_TURN 13 D,D,D,D,D S,S,S,S,S N,D,S,N,S S,S,S,S,S N,N,S,D,D N,N,N,N,N S,S,S,S,S D,D,S,S,D D,D,D,D,D
START_TURN 14
END_TURN 14 D,D,D,D,D S,S,S,S,S N,D,S,N,S S,S,S,S,S N,N,S,D,D N,N,N,N,N S,S,S,S,S D,D,S,S,D D,D,D,D,D
START_TURN 15
END_TURN 15 D,D,D,D,D R,R,R,R,R N,D,S,N,S S,S,S,S,S N,N,R,D,D N,N,N,N,N S,S,S,S,S D,D,S,S,D D,D,D,D,D
START_TURN 16
END_TURN 16 D,D,D,D,D N,N,N,N,N N,D,S,N,S R,R,R,R,R N,N,N,D,D N,N,N,N,N S,S,S,S,S D,D,S,S,D D,D,D,D,D
START_TURN 17
END_TURN 17 D,D,D,D,D N,N,N,N,N N,D,S,N,S N,N,N,N,N N,N,N,D,D N,N,N,N,N R,r,r,R,R D,D,S,S,D D,D,D,D,D
END_DAY 4 D,D,D,D,D A,A,A,A,A A,D,D,A,D A,A,A,A,A A,A,A,D,D A,A,A,A,A A,D,D,A,A D,D,D,D,D D,D,D,D,D
START_DAY 5/5
START_TURN 1
END_TURN 1 D,D,D,D,D S,S,S,S,S S,D,D,S,D S,S,S,S,S S,S,S,D,D S,S,S,S,S S,D,D,S,S D,D,D,D,D D,D,D,D,D
START_TURN 2
END_TURN 2 D,D,D,D,D S,S,S,S,S S,D,D,S,D S,S,S,S,S S,S,S,D,D S,S,S,S,S S,D,D,S,S D,D,D,D,D D,D,D,D,D
START_TURN 3
END_TURN 3 D,D,D,D,D S,S,S,S,S S,D,D,S,D S,S,S,S,S S,S,S,D,D S,S,S,S,S S,D,D,S,S D,D,D,D,D D,D,D,D,D
START_TURN 4
END_TURN 4 D,D,D,D,D S,S,S,S,S S,D,D,S,D S,S,S,S,S S,S,S,D,D S,S,S,S,S S,D,D,S,S D,D,D,D,D D,D,D,D,D
START_TURN 5
END_TURN 5 D,D,D,D,D S,S,S,S,S S,D,D,S,D S,S,S,S,S R,S,S,D,D S,S,S,S,S S,D,D,S,S D,D,D,D,D D,D,D,D,D
START_TURN 6
END_TURN 6 D,D,D,D,D S,S,S,S,S S,D,D,S,D S,S,S,S,S N,S,S,D,D S,S,S,S,S S,D,D,S,S D,D,D,D,D D,D,D,D,D
START_TURN 7
END_TURN 7 D,D,D,D,D S,S,S,S,S S,D,D,S,D S,S,S,S,S N,S,S,D,D S,S,S,S,S S,D,D,S,S D,D,D,D,D D,D,D,D,D
START_TURN 8
END_TURN 8 D,D,D,D,D S,S,S,S,S S,D,D,S,D S,S,S,S,S N,S,S,D,D S,S,S,S,S S,D,D,S,S D,D,D,D,D D,D,D,D,D
START_TURN 9
END_TURN 9 D,D,D,D,D S,S,S,S,S S,D,D,S,D S,S,S,S,S N,S,S,D,D S,S,S,S,S S,D,D,S,S D,D,D,D,D D,D,D,D,D
START_TURN 10
END_TURN 10 D,D,D,D,D S,S,S,S,S S,D,D,S,D S,S,S,S,S N,R,S,D,D S,S,S,S,S S,D,D,S,S D,D,D,D,D D,D,D,D,D
START_TURN 11
END_TURN 11 D,D,D,D,D S,S,S,S,S S,D,D,S,D S,S,S,S,S N,N,S,D,D S,S,S,S,S S,D,D,S,S D,D,D,D,D D,D,D,D,D
START_TURN 12
END_TURN 12 D,D,D,D,D S,S,S,S,S S,D,D,S,D S,S,S,S,S N,N,S,D,D S,S,S,S,S S,D,D,S,S D,D,D,D,D D,D,D,D,D
START_TURN 13
END_TURN 13 D,D,D,D,D S,S,S,S,S S,D,D,R,D S,S,S,S,S N,N,S,D,D S,S,S,S,S S,D,D,S,S D,D,D,D,D D,D,D,D,D
START_TURN 14
END_TURN 14 D,D,D,D,D S,S,S,S,S S,D,D,N,D R,R,R,R,R N,N,S,D,D S,S,S,S,S R,D,D,R,R D,D,D,D,D D,D,D,D,D
START_TURN 15
END_TURN 15 D,D,D,D,D R,R,R,R,R S,D,D,N,D N,N,N,N,N N,N,R,D,D S,S,S,S,S N,D,D,N,N D,D,D,D,D D,D,D,D,D
START_TURN 16
END_TURN 16 D,D,D,D,D N,N,N,N,N S,D,D,N,D N,N,N,N,N N,N,N,D,D S,S,S,S,S N,D,D,N,N D,D,D,D,D D,D,D,D,D
START_TURN 17
END_TURN 17 D,D,D,D,D N,N,N,N,N R,D,D,N,D N,N,N,N,N N,N,N,D,D S,S,S,S,S N,D,D,N,N D,D,D,D,D D,D,D,D,D
START_TURN 18
END_TURN 18 D,D,D,D,D N,N,N,N,N N,D,D,N,D N,N,N,N,N N,N,N,D,D S,S,S,S,S N,D,D,N,N D,D,D,D,D D,D,D,D,D
START_TURN 19
END_TURN 19 D,D,D,D,D N,N,N,N,N N,D,D,N,D N,N,N,N,N N,N,N,D,D S,S,S,S,S N,D,D,N,N D,D,D,D,D D,D,D,D,D
START_TURN 20
END_TURN 20 D,D,D,D,D N,N,N,N,N N,D,D,N,D N,N,N,N,N N,N,N,D,D S,S,S,S,S N,D,D,N,N D,D,D,D,D D,D,D,D,D
START_TURN 21
END_TURN 21 D,D,D,D,D N,N,N,N,N N,D,D,N,D N,N,N,N,N N,N,N,D,D S,S,S,S,S N,D,D,N,N D,D,D,D,D D,D,D,D,D
START_TURN 22
END_TURN 22 D,D,D,D,D N,N,N,N,N N,D,D,N,D N,N,N,N,N N,N,N,D,D S,S,S,S,S N,D,D,N,N D,D,D,D,D D,D,D,D,D
START_TURN 23
END_TURN 23 D,D,D,D,D N,N,N,N,N N,D,D,N,D N,N,N,N,N N,N,N,D,D S,S,S,S,S N,D,D,N,N D,D,D,D,D D,D,D,D,D
START_TURN 24
END_TURN 24 D,D,D,D,D N,N,N,N,N N,D,D,N,D N,N,N,N,N N,N,N,D,D R,r,r,r,R N,D,D,N,N D,D,D,D,D D,D,D,D,D
END_DAY 5 D,D,D,D,D A,A,A,A,A A,D,D,A,D A,A,A,A,A A,A,A,D,D A,D,D,D,A A,D,D,A,A D,D,D,D,D D,D,D,D,D
START_DAY 6/5
START_TURN 1
END_TURN 1 D,D,D,D,D S,S,S,S,S S,D,D,S,D S,S,S,S,S S,S,S,D,D S,D,D,D,S S,D,D,S,S D,D,D,D,D D,D,D,D,D
START_TURN 2
END_TURN 2 D,D,D,D,D S,S,S,S,S S,D,D,S,D S,S,S,S,S S,S,S,D,D S,D,D,D,S S,D,D,S,S D,D,D,D,D D,D,D,D,D
START_TURN 3
END_TURN 3 D,D,D,D,D S,S,S,S,S S,D,D,S,D S,S,S,S,S S,S,S,D,D S,D,D,D,S S,D,D,S,S D,D,D,D,D D,D,D,D,D
START_TURN 4
END_TURN 4 D,D,D,D,D S,S,S,S,S S,D,D,S,D S,S,S,S,S S,S,S,D,D S,D,D,D,S S,D,D,S,S D,D,D,D,D D,D,D,D,D
START_TURN 5
END_TURN 5 D,D,D,D,D S,S,S,S,S R,D,D,R,D S,S,S,S,S R,S,S,D,D S,D,D,D,S S,D,D,S,S D,D,D,D,D D,D,D,D,D
START_TURN 6
END_TURN 6 D,D,D,D,D S,S,S,S,S N,D,D,N,D S,S,S,S,S N,S,S,D,D S,D,D,D,S S,D,D,S,S D,D,D,D,D D,D,D,D,D
START_TURN 7
END_TURN 7 D,D,D,D,D S,S,S,S,S N,D,D,N,D S,S,S,S,S N,S,S,D,D R,D,D,D,R S,D,D,S,S D,D,D,D,D D,D,D,D,D
START_TURN 8
END_TURN 8 D,D,D,D,D S,S,S,S,S N,D,D,N,D S,S,S,S,S N,S,S,D,D N,D,D,D,N S,D,D,S,S D,D,D,D,D D,D,D,D,D
START_TURN 9
END_TURN 9 D,D,D,D,D S,S,S,S,S N,D,D,N,D S,S,S,S,S N,S,S,D,D N,D,D,D,N S,D,D,S,S D,D,D,D,D D,D,D,D,D
START_TURN 10
END_TURN 10 D,D,D,D,D S,S,S,S,S N,D,D,N,D S,S,S,S,S N,R,S,D,D N,D,D,D,N S,D,D,S,S D,D,D,D,D D,D,D,D,D
START_TURN 11
END_TURN 11 D,D,D,D,D S,S,S,S,S N,D,D,N,D S,S,S,S,S N,N,S,D,D N,D,D,D,N S,D,D,S,S D,D,D,D,D D,D,D,D,D
START_TURN 12
END_TURN 12 D,D,D,D,D S,S,S,S,S N,D,D,N,D S,S,S,S,S N,N,S,D,D N,D,D,D,N S,D,D,S,S D,D,D,D,D D,D,D,D,D
START_TURN 13
END_TURN 13 D,D,D,D,D S,S,S,S,S N,D,D,N,D S,S,S,S,S N,N,S,D,D N,D,D,D,N S,D,D,S,S D,D,D,D,D D,D,D,D,D
START_TURN 14
END_TURN 14 D,D,D,D,D S,S,S,S,S N,D,D,N,D R,R,R,R,R N,N,S,D,D N,D,D,D,N R,D,D,R,R D,D,D,D,D D,D,D,D,D
START_TURN 15
END_TURN 15 D,D,D,D,D r,R,r,R,R N,D,D,N,D N,N,N,N,N N,N,R,D,D N,D,D,D,N N,D,D,N,N D,D,D,D,D D,D,D,D,D
END_DAY 6 D,D,D,D,D D,A,D,A,A A,D,D,A,D A,A,A,A,A A,A,A,D,D A,D,D,D,A A,D,D,A,A D,D,D,D,D D,D,D,D,D
START_DAY 7/4
START_TURN 1
END_TURN 1 D,D,D,D,D D,S,D,S,S S,D,D,S,D S,S,S,S,S S,S,S,D,D S,D,D,D,S S,D,D,S,S D,D,D,D,D D,D,D,D,D
START_TURN 2
END_TURN 2 D,D,D,D,D D,S,D,S,S S,D,D,S,D S,S,S,S,S S,S,S,D,D S,D,D,D,S S,D,D,S,S D,D,D,D,D D,D,D,D,D
START_TURN 3
END_TURN 3 D,D,D,D,D D,S,D,S,S S,D,D,S,D S,S,S,S,S S,S,S,D,D S,D,D,D,S S,D,D,S,S D,D,D,D,D D,D,D,D,D
START_TURN 4
END_TURN 4 D,D,D,D,D D,S,D,S,S S,D,D,S,D S,S,S,S,S S,S,S,D,D S,D,D,D,S S,D,D,S,S D,D,D,D,D D,D,D,D,D
START_TURN 5
END_TURN 5 D,D,D,D,D D,S,D,S,S S,D,D,S,D S,S,S,S,S R,S,S,D,D S,D,D,D,S S,D,D,S,S D,D,D,D,D D,D,D,D,D
START_TURN 6
END_TURN 6 D,D,D,D,D D,S,D,S,S S,D,D,S,D S,S,S,S,S N,S,S,D,D S,D,D,D,S S,D,D,S,S D,D,D,D,D D,D,D,D,D
START_TURN 7
END_TURN 7 D,D,D,D,D D,S,D,S,S S,D,D,S,D S,S,S,S,S N,S,S,D,D S,D,D,D,S S,D,D,S,S D,D,D,D,D D,D,D,D,D
START_TURN 8
END_TURN 8 D,D,D,D,D D,S,D,S,S S,D,D,S,D S,S,S,S,S N,S,S,D,D R,D,D,D,R S,D,D,S,S D,D,D,D,D D,D,D,D,D
START_TURN 9
END_TURN 9 D,D,D,D,D D,S,D,S,S S,D,D,S,D S,S,S,S,S N,S,S,D,D N,D,D,D,N S,D,D,S,S D,D,D,D,D D,D,D,D,D
START_TURN 10
END_TURN 10 D,D,D,D,D D,S,D,S,S S,D,D,S,D S,S,S,S,S N,R,S,D,D N,D,D,D,N S,D,D,S,S D,D,D,D,D D,D,D,D,D
START_TURN 11
END_TURN 11 D,D,D,D,D D,S,D,S,S S,D,D,S,D S,S,S,S,S N,N,S,D,D N,D,D,D,N S,D,D,S,S D,D,D,D,D D,D,D,D,D
START_TURN 12
END_TURN 12 D,D,D,D,D D,S,D,S,S S,D,D,S,D S,S,S,S,S N,N,S,D,D N,D,D,D,N S,D,D,S,S D,D,D,D,D D,D,D,D,D
START_TURN 13
END_TURN 13 D,D,D,D,D D,S,D,S,S S,D,D,S,D S,S,S,S,S N,N,S,D,D N,D,D,D,N R,D,D,R,R D,D,D,D,D D,D,D,D,D
START_TURN 14
END_TURN 14 D,D,D,D,D D,S,D,S,S S,D,D,S,D R,R,R,R,R N,N,S,D,D N,D,D,D,N N,D,D,N,N D,D,D,D,D D,D,D,D,D
START_TURN 15
END_TURN 15 D,D,D,D,D D,r,D,R,r S,D,D,R,D N,N,N,N,N N,N,r,D,D N,D,D,D,N N,D,D,N,N D,D,D,D,D D,D,D,D,D
END_DAY 7 D,D,D,D,D D,D,D,A,D D,D,D,A,D A,A,A,A,A A,A,D,D,D A,D,D,D,A A,D,D,A,A D,D,D,D,D D,D,D,D,D
START_DAY 8/3
START_TURN 1
END_TURN 1 D,D,D,D,D D,D,D,S,D D,D,D,S,D S,S,S,S,S S,S,D,D,D S,D,D,D,S S,D,D,S,S D,D,D,D,D D,D,D,D,D
START_TURN 2
END_TURN 2 D,D,D,D,D D,D,D,S,D D,D,D,S,D S,S,S,S,S S,S,D,D,D S,D,D,D,S S,D,D,S,S D,D,D,D,D D,D,D,D,D
START_TURN 3
END_TURN 3 D,D,D,D,D D,D,D,S,D D,D,D,S,D S,S,S,S,S S,S,D,D,D S,D,D,D,S S,D,D,S,S D,D,D,D,D D,D,D,D,D
START_TURN 4
END_TURN 4 D,D,D,D,D D,D,D,S,D D,D,D,S,D S,S,S,S,S S,S,D,D,D S,D,D,D,S S,D,D,S,S D,D,D,D,D D,D,D,D,D
START_TURN 5
END_TURN 5 D,D,D,D,D D,D,D,S,D D,D,D,S,D S,S,S,S,S R,S,D,D,D S,D,D,D,S S,D,D,S,S D,D,D,D,D D,D,D,D,D
START_TURN 6
END_TURN 6 D,D,D,D,D D,D,D,S,D D,D,D,S,D S,S,S,S,S N,S,D,D,D S,D,D,D,S S,D,D,S,S D,D,D,D,D D,D,D,D,D
START_TURN 7
END_TURN 7 D,D,D,D,D D,D,D,S,D D,D,D,S,D S,S,S,S,S N,S,D,D,D S,D,D,D,S S,D,D,S,S D,D,D,D,D D,D,D,D,D
START_TURN 8
END_TURN 8 D,D,D,D,D D,D,D,S,D D,D,D,S,D S,S,S,S,S N,S,D,D,D S,D,D,D,S S,D,D,S,S D,D,D,D,D D,D,D,D,D
START_TURN 9
END_TURN 9 D,D,D,D,D D,D,D,S,D D,D,D,R,D S,S,S,S,S N,S,D,D,D S,D,D,D,S S,D,D,S,S D,D,D,D,D D,D,D,D,D
START_TURN 10
END_TURN 10 D,D,D,D,D D,D,D,S,D D,D,D,N,D S,S,S,S,S N,R,D,D,D S,D,D,D,S S,D,D,S,S D,D,D,D,D D,D,D,D,D
START_TURN 11
END_TURN 11 D,D,D,D,D D,D,D,S,D D,D,D,N,D S,S,S,S,S N,N,D,D,D R,D,D,D,R S,D,D,S,S D,D,D,D,D D,D,D,D,D
START_TURN 12
END_TURN 12 D,D,D,D,D D,D,D,S,D D,D,D,N,D S,S,S,S,S N,N,D,D,D N,D,D,D,N S,D,D,S,S D,D,D,D,D D,D,D,D,D
START_TURN 13
END_TURN 13 D,D,D,D,D D,D,D,S,D D,D,D,N,D S,S,S,S,S N,N,D,D,D N,D,D,D,N R,D,D,R,R D,D,D,D,D D,D,D,D,D
START_TURN 14
END_TURN 14 D,D,D,D,D D,D,D,S,D D,D,D,N,D R,R,R,r,r N,N,D,D,D N,D,D,D,N N,D,D,N,N D,D,D,D,D D,D,D,D,D
END_DAY 8 D,D,D,D,D D,D,D,D,D D,D,D,A,D A,A,A,D,D A,A,D,D,D A,D,D,D,A A,D,D,A,A D,D,D,D,D D,D,D,D,D
START_DAY 9/3
START_TURN 1
END_TURN 1 D,D,D,D,D D,D,D,D,D D,D,D,S,D S,S,S,D,D S,S,D,D,D S,D,D,D,S S,D,D,S,S D,D,D,D,D D,D,D,D,D
START_TURN 2
END_TURN 2 D,D,D,D,D D,D,D,D,D D,D,D,S,D S,S,S,D,D S,S,D,D,D R,D,D,D,R S,D,D,S,S D,D,D,D,D D,D,D,D,D
START_TURN 3
END_TURN 3 D,D,D,D,D D,D,D,D,D D,D,D,S,D S,S,S,D,D S,S,D,D,D N,D,D,D,N S,D,D,S,S D,D,D,D,D D,D,D,D,D
START_TURN 4
END_TURN 4 D,D,D,D,D D,D,D,D,D D,D,D,S,D S,S,S,D,D S,S,D,D,D N,D,D,D,N S,D,D,S,S D,D,D,D,D D,D,D,D,D
START_TURN 5
END_TURN 5 D,D,D,D,D D,D,D,D,D D,D,D,S,D S,S,S,D,D R,S,D,D,D N,D,D,D,N S,D,D,S,S D,D,D,D,D D,D,D,D,D
START_TURN 6
END_TURN 6 D,D,D,D,D D,D,D,D,D D,D,D,S,D S,S,S,D,D N,S,D,D,D N,D,D,D,N S,D,D,S,S D,D,D,D,D D,D,D,D,D
START_TURN 7
END_TURN 7 D,D,D,D,D D,D,D,D,D D,D,D,S,D S,S,S,D,D N,S,D,D,D N,D,D,D,N S,D,D,S,S D,D,D,D,D D,D,D,D,D
START_TURN 8
END_TURN 8 D,D,D,D,D D,D,D,D,D D,D,D,R,D S,S,S,D,D N,S,D,D,D N,D,D,D,N S,D,D,S,S D,D,D,D,D D,D,D,D,D
START_TURN 9
END_TURN 9 D,D,D,D,D D,D,D,D,D D,D,D,N,D S,S,S,D,D N,S,D,D,D N,D,D,D,N S,D,D,S,S D,D,D,D,D D,D,D,D,D
START_TURN 10
END_TURN 10 D,D,D,D,D D,D,D,D,D D,D,D,N,D S,S,S,D,D N,R,D,D,D N,D,D,D,N R,D,D,R,R D,D,D,D,D D,D,D,D,D
END_DAY 9 D,D,D,D,D D,D,D,D,D D,D,D,A,D D,D,D,D,D A,A,D,D,D A,D,D,D,A A,D,D,A,A D,D,D,D,D D,D,D,D,D
START_DAY 10/3
START_TURN 1
END_TURN 1 D,D,D,D,D D,D,D,D,D D,D,D,S,D D,D,D,D,D S,S,D,D,D S,D,D,D,S R,D,D,R,R D,D,D,D,D D,D,D,D,D
START_TURN 2
END_TURN 2 D,D,D,D,D D,D,D,D,D D,D,D,S,D D,D,D,D,D S,S,D,D,D S,D,D,D,S N,D,D,N,N D,D,D,D,D D,D,D,D,D
START_TURN 3
END_TURN 3 D,D,D,D,D D,D,D,D,D D,D,D,S,D D,D,D,D,D S,S,D,D,D S,D,D,D,S N,D,D,N,N D,D,D,D,D D,D,D,D,D
START_TURN 4
END_TURN 4 D,D,D,D,D D,D,D,D,D D,D,D,S,D D,D,D,D,D S,S,D,D,D S,D,D,D,S N,D,D,N,N D,D,D,D,D D,D,D,D,D
START_TURN 5
END_TURN 5 D,D,D,D,D D,D,D,D,D D,D,D,S,D D,D,D,D,D R,S,D,D,D S,D,D,D,S N,D,D,N,N D,D,D,D,D D,D,D,D,D
START_TURN 6
END_TURN 6 D,D,D,D,D D,D,D,D,D D,D,D,S,D D,D,D,D,D N,S,D,D,D S,D,D,D,S N,D,D,N,N D,D,D,D,D D,D,D,D,D
START_TURN 7
END_TURN 7 D,D,D,D,D D,D,D,D,D D,D,D,S,D D,D,D,D,D N,S,D,D,D S,D,D,D,S N,D,D,N,N D,D,D,D,D D,D,D,D,D
START_TURN 8
END_TURN 8 D,D,D,D,D D,D,D,D,D D,D,D,S,D D,D,D,D,D N,S,D,D,D S,D,D,D,S N,D,D,N,N D,D,D,D,D D,D,D,D,D
START_TURN 9
END_TURN 9 D,D,D,D,D D,D,D,D,D D,D,D,S,D D,D,D,D,D N,S,D,D,D S,D,D,D,S N,D,D,N,N D,D,D,D,D D,D,D,D,D
START_TURN 10
END_TURN 10 D,D,D,D,D D,D,D,D,D D,D,D,S,D D,D,D,D,D N,R,D,D,D S,D,D,D,S N,D,D,N,N D,D,D,D,D D,D,D,D,D
END_DAY 10 D,D,D,D,D D,D,D,D,D D,D,D,D,D D,D,D,D,D A,A,D,D,D D,D,D,D,D A,D,D,A,A D,D,D,D,D D,D,D,D,D
EXIT
