INDEX 0
START_DAY 1/5
START_TURN 1
END_TURN 1 S,S,S,S,S S,S,S,S,S S,S,S,S,S S,S,S,S,S
START_TURN 2
END_TURN 2 S,S,S,S,S S,S,S,S,S S,S,S,S,S S,S,S,S,S
START_TURN 3
END_TURN 3 S,S,S,S,S S,S,S,S,S S,S,S,S,S S,S,S,S,S
START_TURN 4
END_TURN 4 S,S,S,S,S S,S,S,S,S S,S,S,S,S S,S,S,S,S
START_TURN 5
END_TURN 5 S,S,S,S,S S,S,S,S,S R,R,S,S,S S,S,S,S,S
START_TURN 6
END_TURN 6 S,S,S,S,S S,S,S,S,S N,N,S,S,S S,S,S,S,S
START_TURN 7
END_TURN 7 S,S,S,S,S S,S,S,S,S N,N,S,S,S S,S,S,S,S
START_TURN 8
END_TURN 8 S,S,S,S,S S,S,S,S,S N,N,S,S,S S,S,S,S,S
START_TURN 9
END_TURN 9 S,S,S,S,S S,S,S,S,S N,N,S,S,S S,S,S,S,S
START_TURN 10
END_TURN 10 S,S,S,S,S S,S,S,S,S N,N,R,S,S S,S,S,S,S
START_TURN 11
END_TURN 11 S,S,S,S,S S,S,S,S,S N,N,N,R,S S,S,S,S,S
START_TURN 12
END_TURN 12 S,S,S,S,S S,S,S,S,S N,N,N,N,S S,S,S,S,S
START_TURN 13
END_TURN 13 S,S,S,S,S S,S,S,S,S N,N,N,N,S S,S,S,S,S
START_TURN 14
END_TURN 14 S,S,S,S,S S,S,S,S,S N,N,N,N,S S,S,S,S,S
START_TURN 15
END_TURN 15 S,S,S,S,S R,R,R,R,R N,N,N,N,S S,S,S,S,S
START_TURN 16
END_TURN 16 S,S,S,S,S N,N,N,N,N N,N,N,N,S R,R,R,R,R
START_TURN 17
END_TURN 17 S,S,S,S,S N,N,N,N,N N,N,N,N,S N,N,N,N,N
START_TURN 18
END_TURN 18 S,S,S,S,S N,N,N,N,N N,N,N,N,R N,N,N,N,N
END_DAY 1 D,D,D,D,D A,A,A,A,A A,A,A,A,A A,A,A,A,A
START_DAY 2/3
START_TURN 1
END_TURN 1 D,D,D,D,D S,S,S,S,S S,S,S,S,S S,S,S,S,S
START_TURN 2
END_TURN 2 D,D,D,D,D S,S,S,S,S S,S,S,S,S S,S,S,S,S
START_TURN 3
END_TURN 3 D,D,D,D,D S,S,S,S,S S,S,S,S,S S,S,S,S,S
START_TURN 4
END_TURN 4 D,D,D,D,D S,S,S,S,S S,S,S,S,S S,S,S,S,S
START_TURN 5
END_TURN 5 D,D,D,D,D S,S,S,S,S S,S,S,S,R S,S,S,S,S
START_TURN 6
END_TURN 6 D,D,D,D,D S,S,S,S,S S,S,S,S,N S,S,S,S,S
START_TURN 7
END_TURN 7 D,D,D,D,D S,S,S,S,S S,S,S,R,N S,S,S,S,S
START_TURN 8
END_TURN 8 D,D,D,D,D S,S,S,S,S S,S,S,N,N S,S,S,S,S
START_TURN 9
END_TURN 9 D,D,D,D,D S,S,S,S,S S,S,S,N,N S,S,S,S,S
START_TURN 10
END_TURN 10 D,D,D,D,D S,S,S,S,S S,S,S,N,N S,S,S,S,S
START_TURN 11
END_TURN 11 D,D,D,D,D S,S,S,S,S S,S,S,N,N S,S,S,S,S
START_TURN 12
END_TURN 12 D,D,D,D,D S,S,S,S,S S,S,S,N,N S,S,S,S,S
START_TURN 13
END_TURN 13 D,D,D,D,D S,S,S,S,S R,S,R,N,N S,S,S,S,S
START_TURN 14
END_TURN 14 D,D,D,D,D S,S,S,S,S N,S,N,N,N S,S,S,S,S
START_TURN 15
END_TURN 15 D,D,D,D,D R,R,R,R,R N,S,N,N,N R,R,R,r,R
END_DAY 2 D,D,D,D,D A,A,A,A,A A,D,A,A,A A,A,A,D,A
START_DAY 3/3
START_TURN 1
END_TURN 1 D,D,D,D,D S,S,S,S,S S,D,S,S,S S,S,S,D,S
START_TURN 2
END_TURN 2 D,D,D,D,D S,S,S,S,S S,D,S,S,S S,S,S,D,S
START_TURN 3
END_TURN 3 D,D,D,D,D S,S,S,S,S S,D,S,S,S S,S,S,D,S
START_TURN 4
END_TURN 4 D,D,D,D,D S,S,S,S,S S,D,S,S,S S,S,S,D,S
START_TURN 5
END_TURN 5 D,D,D,D,D S,S,S,S,S S,D,S,S,R S,S,S,D,S
START_TURN 6
END_TURN 6 D,D,D,D,D S,S,S,S,S R,D,S,S,N S,S,S,D,S
START_TURN 7
END_TURN 7 D,D,D,D,D S,S,S,S,S N,D,S,S,N S,S,S,D,S
START_TURN 8
END_TURN 8 D,D,D,D,D S,S,S,S,S N,D,S,S,N S,S,S,D,S
START_TURN 9
END_TURN 9 D,D,D,D,D S,S,S,S,S N,D,S,S,N S,S,S,D,S
START_TURN 10
END_TURN 10 D,D,D,D,D S,S,S,S,S N,D,S,S,N S,S,S,D,S
START_TURN 11
END_TURN 11 D,D,D,D,D S,S,S,S,S N,D,S,S,N S,S,S,D,S
START_TURN 12
END_TURN 12 D,D,D,D,D S,S,S,S,S N,D,S,S,N S,S,S,D,S
START_TURN 13
END_TURN 13 D,D,D,D,D S,S,S,S,S N,D,S,R,N S,S,S,D,S
START_TURN 14
END_TURN 14 D,D,D,D,D S,S,S,S,S N,D,S,N,N S,S,S,D,S
START_TURN 15
END_TURN 15 D,D,D,D,D R,r,R,R,R N,D,S,N,N R,r,R,D,R
END_DAY 3 D,D,D,D,D A,D,A,A,A A,D,D,A,A A,D,A,D,A
START_DAY 4/3
START_TURN 1
END_TURN 1 D,D,D,D,D S,D,S,S,S S,D,D,S,S S,D,S,D,S
START_TURN 2
END_TURN 2 D,D,D,D,D S,D,S,S,S S,D,D,S,S S,D,S,D,S
START_TURN 3
END_TURN 3 D,D,D,D,D S,D,S,S,S S,D,D,S,S S,D,S,D,S
START_TURN 4
END_TURN 4 D,D,D,D,D S,D,S,S,S S,D,D,S,S S,D,S,D,S
START_TURN 5
END_TURN 5 D,D,D,D,D S,D,S,S,S S,D,D,S,S S,D,S,D,S
START_TURN 6
END_TURN 6 D,D,D,D,D S,D,S,S,S S,D,D,S,S S,D,S,D,S
START_TURN 7
END_TURN 7 D,D,D,D,D S,D,S,S,S S,D,D,S,R S,D,S,D,S
START_TURN 8
END_TURN 8 D,D,D,D,D S,D,S,S,S S,D,D,S,N S,D,S,D,S
START_TURN 9
END_TURN 9 D,D,D,D,D S,D,S,S,S S,D,D,S,N S,D,S,D,S
START_TURN 10
END_TURN 10 D,D,D,D,D S,D,S,S,S S,D,D,S,N S,D,S,D,S
START_TURN 11
END_TURN 11 D,D,D,D,D S,D,S,S,S S,D,D,S,N S,D,S,D,S
START_TURN 12
END_TURN 12 D,D,D,D,D S,D,S,S,S S,D,D,S,N S,D,S,D,S
START_TURN 13
END_TURN 13 D,D,D,D,D S,D,S,S,S S,D,D,S,N S,D,S,D,S
START_TURN 14
END_TURN 14 D,D,D,D,D S,D,S,S,S R,D,D,R,N S,D,S,D,S
START_TURN 15
END_TURN 15 D,D,D,D,D R,D,r,r,R N,D,D,N,N R,D,R,D,R
END_DAY 4 D,D,D,D,D A,D,D,D,A A,D,D,A,A A,D,A,D,A
START_DAY 5/3
START_TURN 1
END_TURN 1 D,D,D,D,D S,D,D,D,S S,D,D,S,S S,D,S,D,S
START_TURN 2
END_TURN 2 D,D,D,D,D S,D,D,D,S S,D,D,S,S S,D,S,D,S
START_TURN 3
END_TURN 3 D,D,D,D,D S,D,D,D,S S,D,D,S,S S,D,S,D,S
START_TURN 4
END_TURN 4 D,D,D,D,D S,D,D,D,S S,D,D,S,S S,D,S,D,S
START_TURN 5
END_TURN 5 D,D,D,D,D S,D,D,D,S S,D,D,S,S S,D,S,D,S
START_TURN 6
END_TURN 6 D,D,D,D,D S,D,D,D,S S,D,D,S,S S,D,S,D,S
START_TURN 7
END_TURN 7 D,D,D,D,D S,D,D,D,S S,D,D,S,S S,D,S,D,S
START_TURN 8
END_TURN 8 D,D,D,D,D S,D,D,D,S S,D,D,S,S S,D,S,D,S
START_TURN 9
END_TURN 9 D,D,D,D,D S,D,D,D,S S,D,D,S,S S,D,S,D,S
START_TURN 10
END_TURN 10 D,D,D,D,D S,D,D,D,S S,D,D,S,S S,D,S,D,S
START_TURN 11
END_TURN 11 D,D,D,D,D S,D,D,D,S S,D,D,S,S R,D,R,D,R
START_TURN 12
END_TURN 12 D,D,D,D,D S,D,D,D,S R,D,D,S,S N,D,N,D,N
START_TURN 13
END_TURN 13 D,D,D,D,D S,D,D,D,S N,D,D,S,S N,D,N,D,N
START_TURN 14
END_TURN 14 D,D,D,D,D S,D,D,D,S N,D,D,S,S N,D,N,D,N
START_TURN 15
END_TURN 15 D,D,D,D,D R,D,D,D,R N,D,D,S,S N,D,N,D,N
END_DAY 5 D,D,D,D,D A,D,D,D,A A,D,D,D,D A,D,A,D,A
START_DAY 6/3
START_TURN 1
END_TURN 1 D,D,D,D,D S,D,D,D,S S,D,D,D,D S,D,S,D,S
START_TURN 2
END_TURN 2 D,D,D,D,D S,D,D,D,S S,D,D,D,D S,D,S,D,S
START_TURN 3
END_TURN 3 D,D,D,D,D S,D,D,D,S S,D,D,D,D S,D,S,D,S
START_TURN 4
END_TURN 4 D,D,D,D,D S,D,D,D,S S,D,D,D,D S,D,S,D,S
START_TURN 5
END_TURN 5 D,D,D,D,D S,D,D,D,S S,D,D,D,D S,D,S,D,S
START_TURN 6
END_TURN 6 D,D,D,D,D S,D,D,D,S S,D,D,D,D S,D,S,D,S
START_TURN 7
END_TURN 7 D,D,D,D,D S,D,D,D,S S,D,D,D,D S,D,S,D,S
START_TURN 8
END_TURN 8 D,D,D,D,D S,D,D,D,S S,D,D,D,D S,D,S,D,S
START_TURN 9
END_TURN 9 D,D,D,D,D S,D,D,D,S S,D,D,D,D S,D,S,D,S
START_TURN 10
END_TURN 10 D,D,D,D,D S,D,D,D,S S,D,D,D,D R,D,R,D,R
END_DAY 6 D,D,D,D,D D,D,D,D,D D,D,D,D,D A,D,A,D,A
EXIT
